{
  "stats": {
    "suites": 1,
    "tests": 10,
    "passes": 10,
    "pending": 0,
    "failures": 0,
    "start": "2023-08-25T22:15:51.683Z",
    "end": "2023-08-25T22:15:52.686Z",
    "duration": 1003,
    "testsRegistered": 10,
    "passPercent": 100,
    "pendingPercent": 0,
    "other": 0,
    "hasOther": false,
    "skipped": 0,
    "hasSkipped": false
  },
  "results": [
    {
      "uuid": "80c4eb18-92fd-486a-bbd2-16eac3a60a96",
      "title": "",
      "fullFile": "cypress\\e2e\\produtos.cy.js",
      "file": "cypress\\e2e\\produtos.cy.js",
      "beforeHooks": [],
      "afterHooks": [],
      "tests": [],
      "suites": [
        {
          "uuid": "dec14767-b50e-4fa4-9caf-afd5f3837cd5",
          "title": "Produtos - Testes de API ServeRest",
          "fullFile": "",
          "file": "",
          "beforeHooks": [],
          "afterHooks": [],
          "tests": [
            {
              "title": "Deve validar contrato de produtos",
              "fullTitle": "Produtos - Testes de API ServeRest Deve validar contrato de produtos",
              "timedOut": null,
              "duration": 190,
              "state": "passed",
              "speed": "fast",
              "pass": true,
              "fail": false,
              "pending": false,
              "context": null,
              "code": "cy.request('produtos').then(response => {\n  _produtos.default.validateAsync(response.body);\n});",
              "err": {},
              "uuid": "f363741e-1399-439e-b19f-bc9440cfdacc",
              "parentUUID": "dec14767-b50e-4fa4-9caf-afd5f3837cd5",
              "isHook": false,
              "skipped": false
            },
            {
              "title": "Deve validar a lista de produtos cadastrados com sucesso",
              "fullTitle": "Produtos - Testes de API ServeRest Deve validar a lista de produtos cadastrados com sucesso",
              "timedOut": null,
              "duration": 30,
              "state": "passed",
              "speed": "fast",
              "pass": true,
              "fail": false,
              "pending": false,
              "context": null,
              "code": "cy.api('produtos').then(response => {\n  expect(response.body.produtos[0].nome).to.include(\"Ebac\");\n  expect(response.status).to.equal(200);\n  expect(response.body).to.have.property(\"produtos\");\n  expect(response.duration).to.be.lessThan(15);\n});",
              "err": {},
              "uuid": "f6a91145-8eee-4c75-858a-59aa4f319ec3",
              "parentUUID": "dec14767-b50e-4fa4-9caf-afd5f3837cd5",
              "isHook": false,
              "skipped": false
            },
            {
              "title": "Deve validar mensagem de cadastro de produto",
              "fullTitle": "Produtos - Testes de API ServeRest Deve validar mensagem de cadastro de produto",
              "timedOut": null,
              "duration": 173,
              "state": "passed",
              "speed": "fast",
              "pass": true,
              "fail": false,
              "pending": false,
              "context": null,
              "code": "cy.cadastrarProduto(produto, valor, \"Novo Produto\", qtd, token).then(response => {\n  expect(response.status).to.equal(201);\n  expect(response.body.message).to.equal(\"Cadastro realizado com sucesso\");\n  return response.body._id;\n}).then(idNew => {\n  id = idNew;\n});",
              "err": {},
              "uuid": "e4ecb0fa-ca82-4404-99ff-42b9d756d0b8",
              "parentUUID": "dec14767-b50e-4fa4-9caf-afd5f3837cd5",
              "isHook": false,
              "skipped": false
            },
            {
              "title": "Deve validar mensagem de erro para cadastro de produto repetido",
              "fullTitle": "Produtos - Testes de API ServeRest Deve validar mensagem de erro para cadastro de produto repetido",
              "timedOut": null,
              "duration": 133,
              "state": "passed",
              "speed": "fast",
              "pass": true,
              "fail": false,
              "pending": false,
              "context": null,
              "code": "cy.cadastrarProduto(\"Logitech MX Keys\", 250, \"Novo Produto\", 10, token).then(response => {\n  expect(response.status).to.equal(400);\n  expect(response.body.message).to.equal(\"Já existe produto com esse nome\");\n});",
              "err": {},
              "uuid": "0b399ade-fefe-4c75-a0e6-7cde79885d2e",
              "parentUUID": "dec14767-b50e-4fa4-9caf-afd5f3837cd5",
              "isHook": false,
              "skipped": false
            },
            {
              "title": "Deve validar a edição de um produto já cadastrado",
              "fullTitle": "Produtos - Testes de API ServeRest Deve validar a edição de um produto já cadastrado",
              "timedOut": null,
              "duration": 80,
              "state": "passed",
              "speed": "fast",
              "pass": true,
              "fail": false,
              "pending": false,
              "context": null,
              "code": "cy.api({\n  method: 'PUT',\n  url: `produtos/${id}`,\n  headers: {\n    authorization: token\n  },\n  body: {\n    nome: produto,\n    preco: valor,\n    descricao: 'Produto Editado',\n    quantidade: qtd\n  }\n}).then(response => {\n  expect(response.status).to.equal(200);\n  expect(response.body.message).to.equal('Registro alterado com sucesso');\n});",
              "err": {},
              "uuid": "4e99725d-33f2-420d-9619-5d5b765677f9",
              "parentUUID": "dec14767-b50e-4fa4-9caf-afd5f3837cd5",
              "isHook": false,
              "skipped": false
            },
            {
              "title": "Deve validar mensagem de erro ao tentar editar um produto enviar o campo preço",
              "fullTitle": "Produtos - Testes de API ServeRest Deve validar mensagem de erro ao tentar editar um produto enviar o campo preço",
              "timedOut": null,
              "duration": 54,
              "state": "passed",
              "speed": "fast",
              "pass": true,
              "fail": false,
              "pending": false,
              "context": null,
              "code": "cy.api({\n  method: 'PUT',\n  url: `produtos/${id}`,\n  headers: {\n    authorization: token\n  },\n  body: {\n    nome: produto,\n    descricao: 'Produto Editado',\n    quantidade: qtd\n  },\n  failOnStatusCode: false\n}).then(response => {\n  expect(response.status).to.equal(400);\n  expect(response.body.preco).to.equal('preco é obrigatório');\n});",
              "err": {},
              "uuid": "4f101529-5179-4453-854e-8f2db849a95c",
              "parentUUID": "dec14767-b50e-4fa4-9caf-afd5f3837cd5",
              "isHook": false,
              "skipped": false
            },
            {
              "title": "Deve validar mensagem de erro ao tentar editar um produto enviar o campo nome",
              "fullTitle": "Produtos - Testes de API ServeRest Deve validar mensagem de erro ao tentar editar um produto enviar o campo nome",
              "timedOut": null,
              "duration": 71,
              "state": "passed",
              "speed": "fast",
              "pass": true,
              "fail": false,
              "pending": false,
              "context": null,
              "code": "cy.api({\n  method: 'PUT',\n  url: `produtos/${id}`,\n  headers: {\n    authorization: token\n  },\n  body: {\n    preco: valor,\n    descricao: 'Produto Editado',\n    quantidade: qtd\n  },\n  failOnStatusCode: false\n}).then(response => {\n  expect(response.status).to.equal(400);\n  expect(response.body.nome).to.equal('nome é obrigatório');\n});",
              "err": {},
              "uuid": "83acf0b0-2ccc-4838-9bea-2de14ab4328a",
              "parentUUID": "dec14767-b50e-4fa4-9caf-afd5f3837cd5",
              "isHook": false,
              "skipped": false
            },
            {
              "title": "Deve validar mensagem de erro ao tentar editar um produto enviar o campo descrição",
              "fullTitle": "Produtos - Testes de API ServeRest Deve validar mensagem de erro ao tentar editar um produto enviar o campo descrição",
              "timedOut": null,
              "duration": 72,
              "state": "passed",
              "speed": "fast",
              "pass": true,
              "fail": false,
              "pending": false,
              "context": null,
              "code": "cy.api({\n  method: 'PUT',\n  url: `produtos/${id}`,\n  headers: {\n    authorization: token\n  },\n  body: {\n    nome: produto,\n    preco: valor,\n    quantidade: qtd\n  },\n  failOnStatusCode: false\n}).then(response => {\n  expect(response.status).to.equal(400);\n  expect(response.body.descricao).to.equal('descricao é obrigatório');\n});",
              "err": {},
              "uuid": "987e94f2-7af9-4370-b4bb-e2dcad7e07af",
              "parentUUID": "dec14767-b50e-4fa4-9caf-afd5f3837cd5",
              "isHook": false,
              "skipped": false
            },
            {
              "title": "Deve validar mensagem de erro ao tentar editar um produto enviar o campo quantidade",
              "fullTitle": "Produtos - Testes de API ServeRest Deve validar mensagem de erro ao tentar editar um produto enviar o campo quantidade",
              "timedOut": null,
              "duration": 56,
              "state": "passed",
              "speed": "fast",
              "pass": true,
              "fail": false,
              "pending": false,
              "context": null,
              "code": "cy.api({\n  method: 'PUT',\n  url: `produtos/${id}`,\n  headers: {\n    authorization: token\n  },\n  body: {\n    nome: produto,\n    preco: valor,\n    descricao: 'Produto Editado'\n  },\n  failOnStatusCode: false\n}).then(response => {\n  expect(response.status).to.equal(400);\n  expect(response.body.quantidade).to.equal('quantidade é obrigatório');\n});",
              "err": {},
              "uuid": "adc41593-9652-4ba7-b928-c1fe247f45c2",
              "parentUUID": "dec14767-b50e-4fa4-9caf-afd5f3837cd5",
              "isHook": false,
              "skipped": false
            },
            {
              "title": "Deve validar a exclusão de um produto cadastrado",
              "fullTitle": "Produtos - Testes de API ServeRest Deve validar a exclusão de um produto cadastrado",
              "timedOut": null,
              "duration": 54,
              "state": "passed",
              "speed": "fast",
              "pass": true,
              "fail": false,
              "pending": false,
              "context": null,
              "code": "cy.api({\n  method: 'DELETE',\n  url: `produtos/${id}`,\n  headers: {\n    authorization: token\n  }\n}).then(response => {\n  expect(response.status).to.equal(200);\n  expect(response.body.message).to.equal('Registro excluído com sucesso');\n});",
              "err": {},
              "uuid": "62358cd0-b5d0-4767-a904-2ce68fff6e0a",
              "parentUUID": "dec14767-b50e-4fa4-9caf-afd5f3837cd5",
              "isHook": false,
              "skipped": false
            }
          ],
          "suites": [],
          "passes": [
            "f363741e-1399-439e-b19f-bc9440cfdacc",
            "f6a91145-8eee-4c75-858a-59aa4f319ec3",
            "e4ecb0fa-ca82-4404-99ff-42b9d756d0b8",
            "0b399ade-fefe-4c75-a0e6-7cde79885d2e",
            "4e99725d-33f2-420d-9619-5d5b765677f9",
            "4f101529-5179-4453-854e-8f2db849a95c",
            "83acf0b0-2ccc-4838-9bea-2de14ab4328a",
            "987e94f2-7af9-4370-b4bb-e2dcad7e07af",
            "adc41593-9652-4ba7-b928-c1fe247f45c2",
            "62358cd0-b5d0-4767-a904-2ce68fff6e0a"
          ],
          "failures": [],
          "pending": [],
          "skipped": [],
          "duration": 913,
          "root": false,
          "rootEmpty": false,
          "_timeout": 2000
        }
      ],
      "passes": [],
      "failures": [],
      "pending": [],
      "skipped": [],
      "duration": 0,
      "root": true,
      "rootEmpty": true,
      "_timeout": 2000
    }
  ],
  "meta": {
    "mocha": {
      "version": "7.0.1"
    },
    "mochawesome": {
      "options": {
        "quiet": false,
        "reportFilename": "mochawesome",
        "saveHtml": false,
        "saveJson": true,
        "consoleReporter": "spec",
        "useInlineDiffs": false,
        "code": true
      },
      "version": "7.1.3"
    },
    "marge": {
      "options": {
        "reportDir": "mochawesome-report",
        "overwrite": false,
        "html": false,
        "json": true
      },
      "version": "6.2.0"
    }
  }
}